#
# A fatal error has been detected by the Java Runtime Environment:
#
#  Internal Error (generateOopMap.cpp:2162), pid=36433, tid=17155
#  fatal error: Illegal class file encountered. Try running with -Xverify:all in method main
#
# JRE version: Java(TM) SE Runtime Environment (10.0.2+13) (build 10.0.2+13)
# Java VM: Java HotSpot(TM) 64-Bit Server VM (10.0.2+13, mixed mode, tiered, compressed oops, g1 gc, bsd-amd64)
# No core dump will be written. Core dumps have been disabled. To enable core dumping, try "ulimit -c unlimited" before starting Java again
#
# If you would like to submit a bug report, please visit:
#   http://bugreport.java.com/bugreport/crash.jsp
#

---------------  S U M M A R Y ------------

Command Line: -agentlib:jdwp=transport=dt_socket,suspend=y,address=localhost:59398 -javaagent:/Applications/Eclipse.app/Contents/Eclipse/configuration/org.eclipse.osgi/231/0/.cp/lib/javaagent-shaded.jar -Dfile.encoding=UTF-8 AssEx2

Host: MacBookAir7,1 x86_64 1600 MHz, 4 cores, 4G, Darwin 15.6.0
Time: Sat Nov 17 21:54:16 2018 GMT elapsed time: 1247 seconds (0d 0h 20m 47s)

---------------  T H R E A D  ---------------

Current thread (0x00007f8164008800):  VMThread "VM Thread" [stack: 0x0000700000c3b000,0x0000700000d3b000] [id=17155]

Stack: [0x0000700000c3b000,0x0000700000d3b000],  sp=0x0000700000d39e70,  free space=1019k
Native frames: (J=compiled Java code, A=aot compiled Java code, j=interpreted, Vv=VM code, C=native code)
V  [libjvm.dylib+0x799cb1]  _ZN7VMError14report_and_dieEiPKcS1_P13__va_list_tagP6ThreadPhPvS7_S1_im+0x4df
V  [libjvm.dylib+0x79a374]  _ZN7VMError14report_and_dieEP6ThreadPKciS3_S3_P13__va_list_tag+0x4a
V  [libjvm.dylib+0x28bd01]  _Z12report_fatalPKciS0_z+0xc0
V  [libjvm.dylib+0x383751]  _ZN14GenerateOopMap10error_workEPKcP13__va_list_tag+0xeb
V  [libjvm.dylib+0x380a09]  _ZN14GenerateOopMap12report_errorEPKcz+0x8d
V  [libjvm.dylib+0x380f89]  _ZN14GenerateOopMap3popEv+0x2b
V  [libjvm.dylib+0x382a80]  _ZN14GenerateOopMap4ppopEP13CellTypeState+0x24
V  [libjvm.dylib+0x3816fa]  _ZN14GenerateOopMap9interp_bbEP10BasicBlock+0x144
V  [libjvm.dylib+0x3813d1]  _ZN14GenerateOopMap10interp_allEv+0x53
V  [libjvm.dylib+0x3810b7]  _ZN14GenerateOopMap17do_interpretationEv+0x4b
V  [libjvm.dylib+0x383581]  _ZN14GenerateOopMap11compute_mapEP6Thread+0x16b
V  [libjvm.dylib+0x62b7d8]  _ZN19OopMapForCacheEntry11compute_mapEP6Thread+0x60
V  [libjvm.dylib+0x62c0c4]  _ZN16OopMapCacheEntry4fillERK12methodHandlei+0xac
V  [libjvm.dylib+0x62ca8c]  _ZN11OopMapCache19compute_one_oop_mapERK12methodHandleiP17InterpreterOopMap+0x11a
V  [libjvm.dylib+0x5f1155]  _ZN6Method8mask_forEiP17InterpreterOopMap+0x7f
V  [libjvm.dylib+0x4dda69]  _ZN16VM_GetOrSetLocal4doitEv+0x47
V  [libjvm.dylib+0x7a38d9]  _ZN12VM_Operation8evaluateEv+0xf1
V  [libjvm.dylib+0x7a2dc2]  _ZN8VMThread18evaluate_operationEP12VM_Operation+0xd4
V  [libjvm.dylib+0x7a2a76]  _ZN8VMThread4loopEv+0x340
V  [libjvm.dylib+0x7a2649]  _ZN8VMThread3runEv+0x75
V  [libjvm.dylib+0x633a5f]  _ZL19thread_native_entryP6Thread+0x12b
C  [libsystem_pthread.dylib+0x399d]  _pthread_body+0x83
C  [libsystem_pthread.dylib+0x391a]  _pthread_body+0x0
C  [libsystem_pthread.dylib+0x1351]  thread_start+0xd

VM_Operation (0x00007000016589b8): GetOrSetLocal, mode: safepoint, requested by thread 0x00007f81631c8800


---------------  P R O C E S S  ---------------

Threads class SMR info:
_java_thread_list=0x00007f8162e3cb10, length=13, elements={
0x00007f8164009800, 0x00007f8164042000, 0x00007f8164043000, 0x00007f816404a800,
0x00007f816406b800, 0x00007f816406c800, 0x00007f816405a000, 0x00007f8163831800,
0x00007f81631c8800, 0x00007f8164063000, 0x00007f8163060000, 0x00007f8163821000,
0x00007f81640c9000
}

Java Threads: ( => current thread )
  0x00007f8164009800 JavaThread "main" [_thread_blocked, id=6659, stack(0x000000010f200000,0x000000010f300000)]
  0x00007f8164042000 JavaThread "Reference Handler" daemon [_thread_blocked, id=17923, stack(0x0000700000d3e000,0x0000700000e3e000)]
  0x00007f8164043000 JavaThread "Finalizer" daemon [_thread_blocked, id=18691, stack(0x0000700000e41000,0x0000700000f41000)]
  0x00007f816404a800 JavaThread "Signal Dispatcher" daemon [_thread_blocked, id=23299, stack(0x000070000104a000,0x000070000114a000)]
  0x00007f816406b800 JavaThread "C2 CompilerThread0" daemon [_thread_blocked, id=24067, stack(0x000070000114d000,0x000070000124d000)]
  0x00007f816406c800 JavaThread "C2 CompilerThread1" daemon [_thread_blocked, id=24835, stack(0x0000700001250000,0x0000700001350000)]
  0x00007f816405a000 JavaThread "C1 CompilerThread2" daemon [_thread_blocked, id=25603, stack(0x0000700001353000,0x0000700001453000)]
  0x00007f8163831800 JavaThread "Sweeper thread" daemon [_thread_blocked, id=26371, stack(0x0000700001456000,0x0000700001556000)]
  0x00007f81631c8800 JavaThread "JDWP Transport Listener: dt_socket" daemon [_thread_blocked, id=28163, stack(0x0000700001559000,0x0000700001659000)] _threads_hazard_ptr=0x00007f8162e3cb10
  0x00007f8164063000 JavaThread "JDWP Event Helper Thread" daemon [_thread_blocked, id=28931, stack(0x000070000165c000,0x000070000175c000)]
  0x00007f8163060000 JavaThread "JDWP Command Reader" daemon [_thread_in_native, id=29699, stack(0x000070000175f000,0x000070000185f000)]
  0x00007f8163821000 JavaThread "Common-Cleaner" daemon [_thread_blocked, id=30467, stack(0x0000700001862000,0x0000700001962000)]
  0x00007f81640c9000 JavaThread "Service Thread" daemon [_thread_blocked, id=31235, stack(0x0000700001965000,0x0000700001a65000)]

Other Threads:
=>0x00007f8164008800 VMThread "VM Thread" [stack: 0x0000700000c3b000,0x0000700000d3b000] [id=17155]
  0x00007f816388b800 WatcherThread [stack: 0x0000700001a68000,0x0000700001b68000] [id=31747]
  0x00007f8163009800 GCTaskThread "GC Thread#0" [stack: 0x000070000011a000,0x000070000021a000] [id=11011]
  0x00007f816300a800 GCTaskThread "GC Thread#1" [stack: 0x000070000021d000,0x000070000031d000] [id=11523]
  0x00007f816300b000 GCTaskThread "GC Thread#2" [stack: 0x0000700000320000,0x0000700000420000] [id=12035]
  0x00007f816300c000 GCTaskThread "GC Thread#3" [stack: 0x0000700000423000,0x0000700000523000] [id=12547]
  0x00007f8163022000 ConcurrentGCThread "G1 Main Marker" [stack: 0x0000700000526000,0x0000700000626000] [id=13059]
  0x00007f8163023000 ConcurrentGCThread "G1 Conc#0" [stack: 0x0000700000629000,0x0000700000729000] [id=14083]
  0x00007f8163043800 ConcurrentGCThread "G1 Refine#0" [stack: 0x000070000072c000,0x000070000082c000] [id=14595]
  0x00007f8163044800 ConcurrentGCThread "G1 Refine#1" [stack: 0x000070000082f000,0x000070000092f000] [id=15107]
  0x00007f8163045000 ConcurrentGCThread "G1 Refine#2" [stack: 0x0000700000932000,0x0000700000a32000] [id=15619]
  0x00007f8163046000 ConcurrentGCThread "G1 Refine#3" [stack: 0x0000700000a35000,0x0000700000b35000] [id=16131]
  0x00007f8163046800 ConcurrentGCThread "G1 Young RemSet Sampling" [stack: 0x0000700000b38000,0x0000700000c38000] [id=16643]

Threads with active compile tasks:

VM state:at safepoint (normal execution)

VM Mutex/Monitor currently owned by a thread:  ([mutex/lock_event])
[0x00007f8162e15c30] Threads_lock - owner thread: 0x00007f8164008800

Heap address: 0x0000000780000000, size: 1024 MB, Compressed Oops mode: Zero based, Oop shift amount: 3
Narrow klass base: 0x0000000000000000, Narrow klass shift: 3
Compressed class space size: 1073741824 Address: 0x00000007c0000000

Heap:
 garbage-first heap   total 65536K, used 5120K [0x0000000780000000, 0x00000007c0000000)
  region size 1024K, 6 young (6144K), 0 survivors (0K)
 Metaspace       used 9196K, capacity 9352K, committed 9600K, reserved 1058816K
  class space    used 762K, capacity 815K, committed 896K, reserved 1048576K
Heap Regions: E=young(eden), S=young(survivor), O=old, HS=humongous(starts), HC=humongous(continues), CS=collection set, F=free, A=archive, TS=gc time stamp, AC=allocation context, TAMS=top-at-mark-start (previous, next)
|   0|0x0000000780000000, 0x0000000780000000, 0x0000000780100000|  0%| F|  |TS  0|AC  0|TAMS 0x0000000780000000, 0x0000000780000000|
|   1|0x0000000780100000, 0x0000000780100000, 0x0000000780200000|  0%| F|  |TS  0|AC  0|TAMS 0x0000000780100000, 0x0000000780100000|
|   2|0x0000000780200000, 0x0000000780200000, 0x0000000780300000|  0%| F|  |TS  0|AC  0|TAMS 0x0000000780200000, 0x0000000780200000|
|   3|0x0000000780300000, 0x0000000780300000, 0x0000000780400000|  0%| F|  |TS  0|AC  0|TAMS 0x0000000780300000, 0x0000000780300000|
|   4|0x0000000780400000, 0x0000000780400000, 0x0000000780500000|  0%| F|  |TS  0|AC  0|TAMS 0x0000000780400000, 0x0000000780400000|
|   5|0x0000000780500000, 0x0000000780500000, 0x0000000780600000|  0%| F|  |TS  0|AC  0|TAMS 0x0000000780500000, 0x0000000780500000|
|   6|0x0000000780600000, 0x0000000780600000, 0x0000000780700000|  0%| F|  |TS  0|AC  0|TAMS 0x0000000780600000, 0x0000000780600000|
|   7|0x0000000780700000, 0x0000000780700000, 0x0000000780800000|  0%| F|  |TS  0|AC  0|TAMS 0x0000000780700000, 0x0000000780700000|
|   8|0x0000000780800000, 0x0000000780800000, 0x0000000780900000|  0%| F|  |TS  0|AC  0|TAMS 0x0000000780800000, 0x0000000780800000|
|   9|0x0000000780900000, 0x0000000780900000, 0x0000000780a00000|  0%| F|  |TS  0|AC  0|TAMS 0x0000000780900000, 0x0000000780900000|
|  10|0x0000000780a00000, 0x0000000780a00000, 0x0000000780b00000|  0%| F|  |TS  0|AC  0|TAMS 0x0000000780a00000, 0x0000000780a00000|
|  11|0x0000000780b00000, 0x0000000780b00000, 0x0000000780c00000|  0%| F|  |TS  0|AC  0|TAMS 0x0000000780b00000, 0x0000000780b00000|
|  12|0x0000000780c00000, 0x0000000780c00000, 0x0000000780d00000|  0%| F|  |TS  0|AC  0|TAMS 0x0000000780c00000, 0x0000000780c00000|
|  13|0x0000000780d00000, 0x0000000780d00000, 0x0000000780e00000|  0%| F|  |TS  0|AC  0|TAMS 0x0000000780d00000, 0x0000000780d00000|
|  14|0x0000000780e00000, 0x0000000780e00000, 0x0000000780f00000|  0%| F|  |TS  0|AC  0|TAMS 0x0000000780e00000, 0x0000000780e00000|
|  15|0x0000000780f00000, 0x0000000780f00000, 0x0000000781000000|  0%| F|  |TS  0|AC  0|TAMS 0x0000000780f00000, 0x0000000780f00000|
|  16|0x0000000781000000, 0x0000000781000000, 0x0000000781100000|  0%| F|  |TS  0|AC  0|TAMS 0x0000000781000000, 0x0000000781000000|
|  17|0x0000000781100000, 0x0000000781100000, 0x0000000781200000|  0%| F|  |TS  0|AC  0|TAMS 0x0000000781100000, 0x0000000781100000|
|  18|0x0000000781200000, 0x0000000781200000, 0x0000000781300000|  0%| F|  |TS  0|AC  0|TAMS 0x0000000781200000, 0x0000000781200000|
|  19|0x0000000781300000, 0x0000000781300000, 0x0000000781400000|  0%| F|  |TS  0|AC  0|TAMS 0x0000000781300000, 0x0000000781300000|
|  20|0x0000000781400000, 0x0000000781400000, 0x0000000781500000|  0%| F|  |TS  0|AC  0|TAMS 0x0000000781400000, 0x0000000781400000|
|  21|0x0000000781500000, 0x0000000781500000, 0x0000000781600000|  0%| F|  |TS  0|AC  0|TAMS 0x0000000781500000, 0x0000000781500000|
|  22|0x0000000781600000, 0x0000000781600000, 0x0000000781700000|  0%| F|  |TS  0|AC  0|TAMS 0x0000000781600000, 0x0000000781600000|
|  23|0x0000000781700000, 0x0000000781700000, 0x0000000781800000|  0%| F|  |TS  0|AC  0|TAMS 0x0000000781700000, 0x0000000781700000|
|  24|0x0000000781800000, 0x0000000781800000, 0x0000000781900000|  0%| F|  |TS  0|AC  0|TAMS 0x0000000781800000, 0x0000000781800000|
|  25|0x0000000781900000, 0x0000000781900000, 0x0000000781a00000|  0%| F|  |TS  0|AC  0|TAMS 0x0000000781900000, 0x0000000781900000|
|  26|0x0000000781a00000, 0x0000000781a00000, 0x0000000781b00000|  0%| F|  |TS  0|AC  0|TAMS 0x0000000781a00000, 0x0000000781a00000|
|  27|0x0000000781b00000, 0x0000000781b00000, 0x0000000781c00000|  0%| F|  |TS  0|AC  0|TAMS 0x0000000781b00000, 0x0000000781b00000|
|  28|0x0000000781c00000, 0x0000000781c00000, 0x0000000781d00000|  0%| F|  |TS  0|AC  0|TAMS 0x0000000781c00000, 0x0000000781c00000|
|  29|0x0000000781d00000, 0x0000000781d00000, 0x0000000781e00000|  0%| F|  |TS  0|AC  0|TAMS 0x0000000781d00000, 0x0000000781d00000|
|  30|0x0000000781e00000, 0x0000000781e00000, 0x0000000781f00000|  0%| F|  |TS  0|AC  0|TAMS 0x0000000781e00000, 0x0000000781e00000|
|  31|0x0000000781f00000, 0x0000000781f00000, 0x0000000782000000|  0%| F|  |TS  0|AC  0|TAMS 0x0000000781f00000, 0x0000000781f00000|
|  32|0x0000000782000000, 0x0000000782000000, 0x0000000782100000|  0%| F|  |TS  0|AC  0|TAMS 0x0000000782000000, 0x0000000782000000|
|  33|0x0000000782100000, 0x0000000782100000, 0x0000000782200000|  0%| F|  |TS  0|AC  0|TAMS 0x0000000782100000, 0x0000000782100000|
|  34|0x0000000782200000, 0x0000000782200000, 0x0000000782300000|  0%| F|  |TS  0|AC  0|TAMS 0x0000000782200000, 0x0000000782200000|
|  35|0x0000000782300000, 0x0000000782300000, 0x0000000782400000|  0%| F|  |TS  0|AC  0|TAMS 0x0000000782300000, 0x0000000782300000|
|  36|0x0000000782400000, 0x0000000782400000, 0x0000000782500000|  0%| F|  |TS  0|AC  0|TAMS 0x0000000782400000, 0x0000000782400000|
|  37|0x0000000782500000, 0x0000000782500000, 0x0000000782600000|  0%| F|  |TS  0|AC  0|TAMS 0x0000000782500000, 0x0000000782500000|
|  38|0x0000000782600000, 0x0000000782600000, 0x0000000782700000|  0%| F|  |TS  0|AC  0|TAMS 0x0000000782600000, 0x0000000782600000|
|  39|0x0000000782700000, 0x0000000782700000, 0x0000000782800000|  0%| F|  |TS  0|AC  0|TAMS 0x0000000782700000, 0x0000000782700000|
|  40|0x0000000782800000, 0x0000000782800000, 0x0000000782900000|  0%| F|  |TS  0|AC  0|TAMS 0x0000000782800000, 0x0000000782800000|
|  41|0x0000000782900000, 0x0000000782900000, 0x0000000782a00000|  0%| F|  |TS  0|AC  0|TAMS 0x0000000782900000, 0x0000000782900000|
|  42|0x0000000782a00000, 0x0000000782a00000, 0x0000000782b00000|  0%| F|  |TS  0|AC  0|TAMS 0x0000000782a00000, 0x0000000782a00000|
|  43|0x0000000782b00000, 0x0000000782b00000, 0x0000000782c00000|  0%| F|  |TS  0|AC  0|TAMS 0x0000000782b00000, 0x0000000782b00000|
|  44|0x0000000782c00000, 0x0000000782c00000, 0x0000000782d00000|  0%| F|  |TS  0|AC  0|TAMS 0x0000000782c00000, 0x0000000782c00000|
|  45|0x0000000782d00000, 0x0000000782d00000, 0x0000000782e00000|  0%| F|  |TS  0|AC  0|TAMS 0x0000000782d00000, 0x0000000782d00000|
|  46|0x0000000782e00000, 0x0000000782e00000, 0x0000000782f00000|  0%| F|  |TS  0|AC  0|TAMS 0x0000000782e00000, 0x0000000782e00000|
|  47|0x0000000782f00000, 0x0000000782f00000, 0x0000000783000000|  0%| F|  |TS  0|AC  0|TAMS 0x0000000782f00000, 0x0000000782f00000|
|  48|0x0000000783000000, 0x0000000783000000, 0x0000000783100000|  0%| F|  |TS  0|AC  0|TAMS 0x0000000783000000, 0x0000000783000000|
|  49|0x0000000783100000, 0x0000000783100000, 0x0000000783200000|  0%| F|  |TS  0|AC  0|TAMS 0x0000000783100000, 0x0000000783100000|
|  50|0x0000000783200000, 0x0000000783200000, 0x0000000783300000|  0%| F|  |TS  0|AC  0|TAMS 0x0000000783200000, 0x0000000783200000|
|  51|0x0000000783300000, 0x0000000783300000, 0x0000000783400000|  0%| F|  |TS  0|AC  0|TAMS 0x0000000783300000, 0x0000000783300000|
|  52|0x0000000783400000, 0x0000000783400000, 0x0000000783500000|  0%| F|  |TS  0|AC  0|TAMS 0x0000000783400000, 0x0000000783400000|
|  53|0x0000000783500000, 0x0000000783500000, 0x0000000783600000|  0%| F|  |TS  0|AC  0|TAMS 0x0000000783500000, 0x0000000783500000|
|  54|0x0000000783600000, 0x0000000783600000, 0x0000000783700000|  0%| F|  |TS  0|AC  0|TAMS 0x0000000783600000, 0x0000000783600000|
|  55|0x0000000783700000, 0x0000000783700000, 0x0000000783800000|  0%| F|  |TS  0|AC  0|TAMS 0x0000000783700000, 0x0000000783700000|
|  56|0x0000000783800000, 0x0000000783800000, 0x0000000783900000|  0%| F|  |TS  0|AC  0|TAMS 0x0000000783800000, 0x0000000783800000|
|  57|0x0000000783900000, 0x0000000783900000, 0x0000000783a00000|  0%| F|  |TS  0|AC  0|TAMS 0x0000000783900000, 0x0000000783900000|
|  58|0x0000000783a00000, 0x0000000783b00000, 0x0000000783b00000|100%| E|  |TS  0|AC  0|TAMS 0x0000000783a00000, 0x0000000783a00000|
|  59|0x0000000783b00000, 0x0000000783c00000, 0x0000000783c00000|100%| E|CS|TS  0|AC  0|TAMS 0x0000000783b00000, 0x0000000783b00000|
|  60|0x0000000783c00000, 0x0000000783d00000, 0x0000000783d00000|100%| E|CS|TS  0|AC  0|TAMS 0x0000000783c00000, 0x0000000783c00000|
|  61|0x0000000783d00000, 0x0000000783e00000, 0x0000000783e00000|100%| E|CS|TS  0|AC  0|TAMS 0x0000000783d00000, 0x0000000783d00000|
|  62|0x0000000783e00000, 0x0000000783f00000, 0x0000000783f00000|100%| E|CS|TS  0|AC  0|TAMS 0x0000000783e00000, 0x0000000783e00000|
|  63|0x0000000783f00000, 0x0000000784000000, 0x0000000784000000|100%| E|CS|TS  0|AC  0|TAMS 0x0000000783f00000, 0x0000000783f00000|

Card table byte_map: [0x0000000129e17000,0x000000012a017000] byte_map_base: 0x0000000126217000

Marking Bits (Prev, Next): (CMBitMap*) 0x00007f8163021860, (CMBitMap*) 0x00007f8163021898
 Prev Bits: [0x000000012a217000, 0x000000012b217000)
 Next Bits: [0x000000012b217000, 0x000000012c217000)

Polling page: 0x000000010e990000

CodeHeap 'non-profiled nmethods': size=120032Kb used=149Kb max_used=149Kb free=119882Kb
 bounds [0x00000001220fd000, 0x000000012236d000, 0x0000000129635000]
CodeHeap 'profiled nmethods': size=120032Kb used=647Kb max_used=647Kb free=119384Kb
 bounds [0x000000011abc5000, 0x000000011ae35000, 0x00000001220fd000]
CodeHeap 'non-nmethods': size=5696Kb used=1114Kb max_used=1130Kb free=4581Kb
 bounds [0x000000011a635000, 0x000000011a8a5000, 0x000000011abc5000]
 total_blobs=938 nmethods=462 adapters=274
 compilation: enabled

Compilation events (10 events):
Event: 766.888 Thread 0x00007f816405a000  457       3       java.lang.String::<init> (74 bytes)
Event: 766.890 Thread 0x00007f816405a000 nmethod 457 0x000000011ac64d90 code [0x000000011ac64fa0, 0x000000011ac65698]
Event: 766.890 Thread 0x00007f816405a000  458       3       java.lang.StringUTF16::compress (20 bytes)
Event: 766.890 Thread 0x00007f816405a000 nmethod 458 0x000000011ac65990 code [0x000000011ac65b60, 0x000000011ac65de8]
Event: 1108.619 Thread 0x00007f816405a000  460       1       java.security.ProtectionDomain::getCodeSource (5 bytes)
Event: 1108.619 Thread 0x00007f816405a000 nmethod 460 0x0000000122122190 code [0x0000000122122340, 0x0000000122122450]
Event: 1108.619 Thread 0x00007f816405a000  461       3       org.eclipse.jdt.launching.internal.org.objectweb.asm.ClassReader::createDebugLabel (23 bytes)
Event: 1108.620 Thread 0x00007f816405a000 nmethod 461 0x000000011ac65e90 code [0x000000011ac66080, 0x000000011ac665d0]
Event: 1239.464 Thread 0x00007f816405a000  462       3       org.eclipse.jdt.launching.internal.org.objectweb.asm.ByteVector::put12 (64 bytes)
Event: 1239.467 Thread 0x00007f816405a000 nmethod 462 0x000000011ac66810 code [0x000000011ac669e0, 0x000000011ac66c68]

GC Heap History (0 events):
No events

Deoptimization events (4 events):
Event: 0.220 Thread 0x00007f8164009800 Uncommon trap: reason=unstable_if action=reinterpret pc=0x00000001220ff804 method=java.lang.String.hashCode()I @ 14 c2
Event: 0.321 Thread 0x00007f8164009800 Uncommon trap: reason=unstable_if action=reinterpret pc=0x00000001221091d4 method=java.util.HashMap.putVal(ILjava/lang/Object;Ljava/lang/Object;ZZ)Ljava/lang/Object; @ 69 c2
Event: 0.377 Thread 0x00007f8164009800 Uncommon trap: reason=unstable_if action=reinterpret pc=0x000000012210f5f0 method=java.lang.String.isLatin1()Z @ 10 c2
Event: 0.377 Thread 0x00007f8164009800 Uncommon trap: reason=unstable_if action=reinterpret pc=0x00000001221050fc method=java.lang.String.isLatin1()Z @ 10 c2

Classes redefined (6 events):
Event: 50.363 Thread 0x00007f8164008800 redefined class name=AssEx2, count=1
Event: 720.307 Thread 0x00007f8164008800 redefined class name=AssEx2, count=2
Event: 766.887 Thread 0x00007f8164008800 redefined class name=AssEx2, count=3
Event: 1080.770 Thread 0x00007f8164008800 redefined class name=AssEx2, count=4
Event: 1108.621 Thread 0x00007f8164008800 redefined class name=AssEx2, count=5
Event: 1239.466 Thread 0x00007f8164008800 redefined class name=AssEx2, count=6

Internal exceptions (3 events):
Event: 0.497 Thread 0x00007f8164009800 Exception <a 'java/lang/NoSuchMethodError'{0x0000000783bcb5c0}: java.lang.Object.lambda$negate$3(I)Z> (0x0000000783bcb5c0) thrown at [/scratch/mesos/slaves/9190d864-6621-4810-ba08-d8d8c75ba674-S34/frameworks/1735e8a2-a1db-478c-8104-60c8b0af87dd-0196/execu
Event: 0.501 Thread 0x00007f8164009800 Exception <a 'java/lang/NoSuchMethodError'{0x0000000783bce8e0}: java.lang.Object.lambda$and$0(Ljava/util/regex/Pattern$CharPredicate;I)Z> (0x0000000783bce8e0) thrown at [/scratch/mesos/slaves/9190d864-6621-4810-ba08-d8d8c75ba674-S34/frameworks/1735e8a2-a1
Event: 0.551 Thread 0x00007f8164009800 Exception <a 'java/lang/NoSuchMethodError'{0x0000000783aa9ca0}: java.lang.Object.lambda$union$2(Ljava/util/regex/Pattern$CharPredicate;I)Z> (0x0000000783aa9ca0) thrown at [/scratch/mesos/slaves/9190d864-6621-4810-ba08-d8d8c75ba674-S34/frameworks/1735e8a2-

Events (10 events):
Event: 1240.419 Executing VM operation: GetFrameCount done
Event: 1240.419 Executing VM operation: GetOwnedMonitorInfo
Event: 1240.419 Executing VM operation: GetOwnedMonitorInfo done
Event: 1240.420 Executing VM operation: GetCurrentContendedMonitor
Event: 1240.420 Executing VM operation: GetCurrentContendedMonitor done
Event: 1245.588 Executing VM operation: GetCurrentContendedMonitor
Event: 1245.588 Executing VM operation: GetCurrentContendedMonitor done
Event: 1245.588 Executing VM operation: GetOwnedMonitorInfo
Event: 1245.588 Executing VM operation: GetOwnedMonitorInfo done
Event: 1247.565 Executing VM operation: GetOrSetLocal


Dynamic libraries:
0x00007fff9b768000 	/System/Library/Frameworks/Cocoa.framework/Versions/A/Cocoa
0x00007fff9c00f000 	/System/Library/Frameworks/Security.framework/Versions/A/Security
0x00007fff8f215000 	/System/Library/Frameworks/ApplicationServices.framework/Versions/A/ApplicationServices
0x00007fff9be34000 	/usr/lib/libz.1.dylib
0x00007fff981dc000 	/usr/lib/libSystem.B.dylib
0x00007fff9ec09000 	/System/Library/Frameworks/CoreFoundation.framework/Versions/A/CoreFoundation
0x00007fff8a077000 	/System/Library/Frameworks/Foundation.framework/Versions/C/Foundation
0x00007fff8944d000 	/usr/lib/libobjc.A.dylib
0x00007fff9d8f3000 	/System/Library/Frameworks/AppKit.framework/Versions/C/AppKit
0x00007fff92359000 	/System/Library/Frameworks/CoreData.framework/Versions/A/CoreData
0x00007fff99217000 	/System/Library/PrivateFrameworks/RemoteViewServices.framework/Versions/A/RemoteViewServices
0x00007fff9c31f000 	/System/Library/PrivateFrameworks/UIFoundation.framework/Versions/A/UIFoundation
0x00007fff9d8ef000 	/usr/lib/libScreenReader.dylib
0x00007fff92f4b000 	/System/Library/Frameworks/Accelerate.framework/Versions/A/Accelerate
0x00007fff98660000 	/System/Library/Frameworks/IOSurface.framework/Versions/A/IOSurface
0x00007fff976d8000 	/System/Library/Frameworks/AudioToolbox.framework/Versions/A/AudioToolbox
0x00007fff90cc7000 	/System/Library/Frameworks/AudioUnit.framework/Versions/A/AudioUnit
0x00007fff9a693000 	/System/Library/PrivateFrameworks/DataDetectorsCore.framework/Versions/A/DataDetectorsCore
0x00007fff89de5000 	/System/Library/PrivateFrameworks/DesktopServicesPriv.framework/Versions/A/DesktopServicesPriv
0x00007fff982ee000 	/System/Library/Frameworks/Carbon.framework/Versions/A/Frameworks/HIToolbox.framework/Versions/A/HIToolbox
0x00007fff8c4eb000 	/System/Library/Frameworks/QuartzCore.framework/Versions/A/QuartzCore
0x00007fff94a43000 	/System/Library/Frameworks/Carbon.framework/Versions/A/Frameworks/SpeechRecognition.framework/Versions/A/SpeechRecognition
0x00007fff8e559000 	/usr/lib/libauto.dylib
0x00007fff9e795000 	/usr/lib/libicucore.A.dylib
0x00007fff8ff50000 	/usr/lib/libxml2.2.dylib
0x00007fff9034b000 	/System/Library/PrivateFrameworks/CoreUI.framework/Versions/A/CoreUI
0x00007fff8e78a000 	/System/Library/Frameworks/CoreAudio.framework/Versions/A/CoreAudio
0x00007fff8dad5000 	/System/Library/Frameworks/DiskArbitration.framework/Versions/A/DiskArbitration
0x00007fff9bf52000 	/usr/lib/liblangid.dylib
0x00007fff8d221000 	/System/Library/PrivateFrameworks/MultitouchSupport.framework/Versions/A/MultitouchSupport
0x00007fff99259000 	/System/Library/Frameworks/IOKit.framework/Versions/A/IOKit
0x00007fff88ff2000 	/usr/lib/libDiagnosticMessagesClient.dylib
0x00007fff92ef4000 	/System/Library/Frameworks/CoreServices.framework/Versions/A/CoreServices
0x00007fff9b379000 	/System/Library/PrivateFrameworks/PerformanceAnalysis.framework/Versions/A/PerformanceAnalysis
0x00007fff8a3d5000 	/System/Library/PrivateFrameworks/GenerationalStorage.framework/Versions/A/GenerationalStorage
0x00007fff8e5a0000 	/System/Library/Frameworks/OpenGL.framework/Versions/A/OpenGL
0x00007fff990ce000 	/System/Library/PrivateFrameworks/Sharing.framework/Versions/A/Sharing
0x00007fff9c6a2000 	/System/Library/Frameworks/CoreGraphics.framework/Versions/A/CoreGraphics
0x00007fff8c10d000 	/System/Library/Frameworks/CoreImage.framework/Versions/A/CoreImage
0x00007fff969f1000 	/System/Library/Frameworks/CoreText.framework/Versions/A/CoreText
0x00007fff99869000 	/System/Library/Frameworks/ImageIO.framework/Versions/A/ImageIO
0x00007fff97627000 	/System/Library/PrivateFrameworks/Backup.framework/Versions/A/Backup
0x00007fff8e5b3000 	/usr/lib/libextension.dylib
0x00007fff9232d000 	/usr/lib/libarchive.2.dylib
0x00007fff99eb1000 	/System/Library/Frameworks/CFNetwork.framework/Versions/A/CFNetwork
0x00007fff98a0d000 	/System/Library/Frameworks/SystemConfiguration.framework/Versions/A/SystemConfiguration
0x00007fff981b4000 	/usr/lib/libCRFSuite.dylib
0x00007fff88f5f000 	/usr/lib/libc++.1.dylib
0x00007fff9c2b7000 	/usr/lib/libc++abi.dylib
0x00007fff9a5ce000 	/usr/lib/system/libcache.dylib
0x00007fff9a703000 	/usr/lib/system/libcommonCrypto.dylib
0x00007fff92600000 	/usr/lib/system/libcompiler_rt.dylib
0x00007fff8927a000 	/usr/lib/system/libcopyfile.dylib
0x00007fff8e432000 	/usr/lib/system/libcorecrypto.dylib
0x00007fff97026000 	/usr/lib/system/libdispatch.dylib
0x00007fff88f5b000 	/usr/lib/system/libdyld.dylib
0x00007fff94a4a000 	/usr/lib/system/libkeymgr.dylib
0x00007fff8e4e0000 	/usr/lib/system/liblaunch.dylib
0x00007fff9a7cb000 	/usr/lib/system/libmacho.dylib
0x00007fff9b302000 	/usr/lib/system/libquarantine.dylib
0x00007fff948c7000 	/usr/lib/system/libremovefile.dylib
0x00007fff8e5ee000 	/usr/lib/system/libsystem_asl.dylib
0x00007fff982ec000 	/usr/lib/system/libsystem_blocks.dylib
0x00007fff9bf81000 	/usr/lib/system/libsystem_c.dylib
0x00007fff8de7d000 	/usr/lib/system/libsystem_configuration.dylib
0x00007fff985e4000 	/usr/lib/system/libsystem_coreservices.dylib
0x00007fff96c8c000 	/usr/lib/system/libsystem_coretls.dylib
0x00007fff89fb8000 	/usr/lib/system/libsystem_dnssd.dylib
0x00007fff8c732000 	/usr/lib/system/libsystem_info.dylib
0x00007fff8a012000 	/usr/lib/system/libsystem_kernel.dylib
0x00007fff9ba55000 	/usr/lib/system/libsystem_m.dylib
0x00007fff96c40000 	/usr/lib/system/libsystem_malloc.dylib
0x00007fff9a1e8000 	/usr/lib/system/libsystem_network.dylib
0x00007fff90342000 	/usr/lib/system/libsystem_networkextension.dylib
0x00007fff8c32f000 	/usr/lib/system/libsystem_notify.dylib
0x00007fff982e3000 	/usr/lib/system/libsystem_platform.dylib
0x00007fff9a604000 	/usr/lib/system/libsystem_pthread.dylib
0x00007fff9b4ea000 	/usr/lib/system/libsystem_sandbox.dylib
0x00007fff937b3000 	/usr/lib/system/libsystem_secinit.dylib
0x00007fff98930000 	/usr/lib/system/libsystem_trace.dylib
0x00007fff8abd5000 	/usr/lib/system/libunc.dylib
0x00007fff8f94e000 	/usr/lib/system/libunwind.dylib
0x00007fff9b97e000 	/usr/lib/system/libxpc.dylib
0x00007fff90318000 	/usr/lib/libenergytrace.dylib
0x00007fff94302000 	/usr/lib/libbsm.0.dylib
0x00007fff8dfa0000 	/usr/lib/system/libkxld.dylib
0x00007fff9a525000 	/usr/lib/libxar.1.dylib
0x00007fff94ba7000 	/usr/lib/libsqlite3.dylib
0x00007fff9a1e3000 	/usr/lib/libpam.2.dylib
0x00007fff92ef7000 	/usr/lib/libOpenScriptingUtil.dylib
0x00007fff8ccb5000 	/usr/lib/libbz2.1.0.dylib
0x00007fff8e0fc000 	/usr/lib/liblzma.5.dylib
0x00007fff99cf0000 	/System/Library/Frameworks/CoreServices.framework/Versions/A/Frameworks/FSEvents.framework/Versions/A/FSEvents
0x00007fff9629e000 	/System/Library/Frameworks/CoreServices.framework/Versions/A/Frameworks/CarbonCore.framework/Versions/A/CarbonCore
0x00007fff88ea5000 	/System/Library/Frameworks/CoreServices.framework/Versions/A/Frameworks/Metadata.framework/Versions/A/Metadata
0x00007fff98942000 	/System/Library/Frameworks/CoreServices.framework/Versions/A/Frameworks/OSServices.framework/Versions/A/OSServices
0x00007fff9b827000 	/System/Library/Frameworks/CoreServices.framework/Versions/A/Frameworks/SearchKit.framework/Versions/A/SearchKit
0x00007fff92655000 	/System/Library/Frameworks/CoreServices.framework/Versions/A/Frameworks/AE.framework/Versions/A/AE
0x00007fff92beb000 	/System/Library/Frameworks/CoreServices.framework/Versions/A/Frameworks/LaunchServices.framework/Versions/A/LaunchServices
0x00007fff92625000 	/System/Library/Frameworks/CoreServices.framework/Versions/A/Frameworks/DictionaryServices.framework/Versions/A/DictionaryServices
0x00007fff96ccb000 	/System/Library/Frameworks/CoreServices.framework/Versions/A/Frameworks/SharedFileList.framework/Versions/A/SharedFileList
0x00007fff9483d000 	/System/Library/Frameworks/NetFS.framework/Versions/A/NetFS
0x00007fff92d16000 	/System/Library/PrivateFrameworks/NetAuth.framework/Versions/A/NetAuth
0x00007fff92da8000 	/System/Library/PrivateFrameworks/login.framework/Versions/A/Frameworks/loginsupport.framework/Versions/A/loginsupport
0x00007fff90319000 	/System/Library/PrivateFrameworks/TCC.framework/Versions/A/TCC
0x00007fff93fe6000 	/usr/lib/libmecabra.dylib
0x00007fff92d39000 	/System/Library/Frameworks/ApplicationServices.framework/Versions/A/Frameworks/ATS.framework/Versions/A/ATS
0x00007fff891b7000 	/System/Library/Frameworks/ApplicationServices.framework/Versions/A/Frameworks/ColorSync.framework/Versions/A/ColorSync
0x00007fff8df17000 	/System/Library/Frameworks/ApplicationServices.framework/Versions/A/Frameworks/HIServices.framework/Versions/A/HIServices
0x00007fff8f954000 	/System/Library/Frameworks/ApplicationServices.framework/Versions/A/Frameworks/LangAnalysis.framework/Versions/A/LangAnalysis
0x00007fff9b563000 	/System/Library/Frameworks/ApplicationServices.framework/Versions/A/Frameworks/PrintCore.framework/Versions/A/PrintCore
0x00007fff9ba1a000 	/System/Library/Frameworks/ApplicationServices.framework/Versions/A/Frameworks/QD.framework/Versions/A/QD
0x00007fff9e9a3000 	/System/Library/Frameworks/ApplicationServices.framework/Versions/A/Frameworks/SpeechSynthesis.framework/Versions/A/SpeechSynthesis
0x00007fff8de3a000 	/System/Library/Frameworks/Metal.framework/Versions/A/Metal
0x00007fff927e0000 	/System/Library/Frameworks/Accelerate.framework/Versions/A/Frameworks/vImage.framework/Versions/A/vImage
0x00007fff8e5af000 	/System/Library/Frameworks/Accelerate.framework/Versions/A/Frameworks/vecLib.framework/Versions/A/vecLib
0x00007fff96b2a000 	/System/Library/Frameworks/Accelerate.framework/Versions/A/Frameworks/vecLib.framework/Versions/A/libvDSP.dylib
0x00007fff9bbe0000 	/System/Library/Frameworks/Accelerate.framework/Versions/A/Frameworks/vecLib.framework/Versions/A/libvMisc.dylib
0x00007fff8c75d000 	/System/Library/Frameworks/Accelerate.framework/Versions/A/Frameworks/vecLib.framework/Versions/A/libLAPACK.dylib
0x00007fff8f216000 	/System/Library/Frameworks/Accelerate.framework/Versions/A/Frameworks/vecLib.framework/Versions/A/libBLAS.dylib
0x00007fff892f5000 	/System/Library/Frameworks/Accelerate.framework/Versions/A/Frameworks/vecLib.framework/Versions/A/libLinearAlgebra.dylib
0x00007fff969dd000 	/System/Library/Frameworks/Accelerate.framework/Versions/A/Frameworks/vecLib.framework/Versions/A/libSparseBLAS.dylib
0x00007fff9bdfe000 	/System/Library/PrivateFrameworks/GPUCompiler.framework/libmetal_timestamp.dylib
0x00007fff89de1000 	/System/Library/Frameworks/OpenGL.framework/Versions/A/Libraries/libCoreFSCache.dylib
0x00007fff927d9000 	/System/Library/PrivateFrameworks/IOAccelerator.framework/Versions/A/IOAccelerator
0x00007fff9976c000 	/System/Library/Frameworks/ApplicationServices.framework/Versions/A/Frameworks/ATS.framework/Versions/A/Resources/libFontParser.dylib
0x00007fff9b51c000 	/System/Library/Frameworks/ApplicationServices.framework/Versions/A/Frameworks/ATS.framework/Versions/A/Resources/libFontRegistry.dylib
0x00007fff922e0000 	/System/Library/PrivateFrameworks/AppleVPA.framework/Versions/A/AppleVPA
0x00007fff948ca000 	/System/Library/PrivateFrameworks/AppleJPEG.framework/Versions/A/AppleJPEG
0x00007fff8c36a000 	/System/Library/Frameworks/ImageIO.framework/Versions/A/Resources/libJPEG.dylib
0x00007fff89ef4000 	/System/Library/Frameworks/ImageIO.framework/Versions/A/Resources/libTIFF.dylib
0x00007fff96ffb000 	/System/Library/Frameworks/ImageIO.framework/Versions/A/Resources/libPng.dylib
0x00007fff9bbdb000 	/System/Library/Frameworks/ImageIO.framework/Versions/A/Resources/libGIF.dylib
0x00007fff8dfde000 	/System/Library/Frameworks/ImageIO.framework/Versions/A/Resources/libJP2.dylib
0x00007fff89f6c000 	/System/Library/Frameworks/ImageIO.framework/Versions/A/Resources/libRadiance.dylib
0x00007fff90ba7000 	/System/Library/Frameworks/CoreVideo.framework/Versions/A/CoreVideo
0x00007fff93274000 	/System/Library/Frameworks/OpenGL.framework/Versions/A/Libraries/libGLU.dylib
0x00007fff8942d000 	/System/Library/Frameworks/OpenGL.framework/Versions/A/Libraries/libGFXShared.dylib
0x00007fff9484d000 	/System/Library/Frameworks/OpenGL.framework/Versions/A/Libraries/libGL.dylib
0x00007fff92dab000 	/System/Library/Frameworks/OpenGL.framework/Versions/A/Libraries/libGLImage.dylib
0x00007fff8af8a000 	/System/Library/Frameworks/OpenGL.framework/Versions/A/Libraries/libCVMSPluginSupport.dylib
0x00007fff90ba3000 	/System/Library/Frameworks/OpenGL.framework/Versions/A/Libraries/libCoreVMClient.dylib
0x00007fff9e752000 	/usr/lib/libcompression.dylib
0x00007fff93dde000 	/usr/lib/libcups.2.dylib
0x00007fff9a1c8000 	/System/Library/Frameworks/Kerberos.framework/Versions/A/Kerberos
0x00007fff9bba9000 	/System/Library/Frameworks/GSS.framework/Versions/A/GSS
0x00007fff9c2e2000 	/usr/lib/libresolv.9.dylib
0x00007fff8d9c8000 	/usr/lib/libiconv.2.dylib
0x00007fff9428d000 	/System/Library/PrivateFrameworks/Heimdal.framework/Versions/A/Heimdal
0x00007fff96606000 	/usr/lib/libheimdal-asn1.dylib
0x00007fff936b9000 	/System/Library/Frameworks/OpenDirectory.framework/Versions/A/OpenDirectory
0x00007fff9bb9f000 	/System/Library/PrivateFrameworks/CommonAuth.framework/Versions/A/CommonAuth
0x00007fff9bf38000 	/System/Library/Frameworks/OpenDirectory.framework/Versions/A/Frameworks/CFOpenDirectory.framework/Versions/A/CFOpenDirectory
0x00007fff9c62d000 	/System/Library/Frameworks/SecurityFoundation.framework/Versions/A/SecurityFoundation
0x00007fff8ad77000 	/System/Library/PrivateFrameworks/LanguageModeling.framework/Versions/A/LanguageModeling
0x00007fff9b2ea000 	/usr/lib/libmarisa.dylib
0x00007fff8f964000 	/usr/lib/libChineseTokenizer.dylib
0x00007fff94a31000 	/usr/lib/libcmph.dylib
0x00007fff9e9b6000 	/System/Library/Frameworks/ServiceManagement.framework/Versions/A/ServiceManagement
0x00007fff9c602000 	/usr/lib/libxslt.1.dylib
0x00007fff93034000 	/System/Library/Frameworks/Carbon.framework/Versions/A/Frameworks/Ink.framework/Versions/A/Ink
0x00007fff9e541000 	/usr/lib/libFosl_dynamic.dylib
0x00007fff971f8000 	/System/Library/PrivateFrameworks/FaceCore.framework/Versions/A/FaceCore
0x00007fff8dd6e000 	/System/Library/Frameworks/OpenCL.framework/Versions/A/OpenCL
0x00007fff89f6f000 	/System/Library/PrivateFrameworks/CrashReporterSupport.framework/Versions/A/CrashReporterSupport
0x00007fff94a0e000 	/System/Library/PrivateFrameworks/IconServices.framework/Versions/A/IconServices
0x00007fff9c2ff000 	/System/Library/PrivateFrameworks/Apple80211.framework/Versions/A/Apple80211
0x00007fff8e64d000 	/System/Library/Frameworks/CoreWLAN.framework/Versions/A/CoreWLAN
0x00007fff94958000 	/System/Library/Frameworks/IOBluetooth.framework/Versions/A/IOBluetooth
0x00007fff8e7dc000 	/System/Library/PrivateFrameworks/CoreWiFi.framework/Versions/A/CoreWiFi
0x00007fff89f58000 	/System/Library/Frameworks/CoreBluetooth.framework/Versions/A/CoreBluetooth
0x00007fff8e3ec000 	/System/Library/PrivateFrameworks/ChunkingLibrary.framework/Versions/A/ChunkingLibrary
0x00007fff947db000 	/System/Library/PrivateFrameworks/DebugSymbols.framework/Versions/A/DebugSymbols
0x00007fff98238000 	/System/Library/PrivateFrameworks/CoreSymbolication.framework/Versions/A/CoreSymbolication
0x00007fff88e54000 	/System/Library/PrivateFrameworks/Symbolication.framework/Versions/A/Symbolication
0x00007fff991b3000 	/System/Library/PrivateFrameworks/SpeechRecognitionCore.framework/Versions/A/SpeechRecognitionCore
0x000000010dbaa000 	/Library/Java/JavaVirtualMachines/jdk-10.0.2.jdk/Contents/Home/lib/server/libjvm.dylib
0x00007fff99d37000 	/usr/lib/libstdc++.6.dylib
0x000000010e94e000 	/Library/Java/JavaVirtualMachines/jdk-10.0.2.jdk/Contents/Home/lib/libverify.dylib
0x000000010e95b000 	/Library/Java/JavaVirtualMachines/jdk-10.0.2.jdk/Contents/Home/lib/libjava.dylib
0x000000010e992000 	/Library/Java/JavaVirtualMachines/jdk-10.0.2.jdk/Contents/Home/lib/libjdwp.dylib
0x000000010e9cf000 	/Library/Java/JavaVirtualMachines/jdk-10.0.2.jdk/Contents/Home/lib/libinstrument.dylib
0x000000010e9f3000 	/Library/Java/JavaVirtualMachines/jdk-10.0.2.jdk/Contents/Home/lib/libzip.dylib
0x000000010f333000 	/Library/Java/JavaVirtualMachines/jdk-10.0.2.jdk/Contents/Home/lib/libjimage.dylib
0x000000012f053000 	/Library/Java/JavaVirtualMachines/jdk-10.0.2.jdk/Contents/Home/lib/libdt_socket.dylib
0x000000012f0d3000 	/Library/Java/JavaVirtualMachines/jdk-10.0.2.jdk/Contents/Home/lib/libnio.dylib
0x000000012f0e3000 	/Library/Java/JavaVirtualMachines/jdk-10.0.2.jdk/Contents/Home/lib/./libnet.dylib


VM Arguments:
jvm_args: -agentlib:jdwp=transport=dt_socket,suspend=y,address=localhost:59398 -javaagent:/Applications/Eclipse.app/Contents/Eclipse/configuration/org.eclipse.osgi/231/0/.cp/lib/javaagent-shaded.jar -Dfile.encoding=UTF-8 
java_command: AssEx2
java_class_path (initial): /Users/mac/Documents/eclipse-workspace/Cipher
Launcher Type: SUN_STANDARD

Logging:
Log output configuration:
#0: stdout all=warning uptime,level,tags
#1: stderr all=off uptime,level,tags

Environment Variables:
PATH=/usr/bin:/bin:/usr/sbin:/sbin
SHELL=/bin/bash

Signal Handlers:
SIGSEGV: [libjvm.dylib+0x79ac14], sa_mask[0]=11111111011111110111111111111111, sa_flags=SA_ONSTACK|SA_RESTART|SA_SIGINFO
SIGBUS: [libjvm.dylib+0x79ac14], sa_mask[0]=11111111011111110111111111111111, sa_flags=SA_RESTART|SA_SIGINFO
SIGFPE: [libjvm.dylib+0x79ac14], sa_mask[0]=11111111011111110111111111111111, sa_flags=SA_RESTART|SA_SIGINFO
SIGPIPE: [libjvm.dylib+0x635960], sa_mask[0]=11111111011111110111111111111111, sa_flags=SA_RESTART|SA_SIGINFO
SIGXFSZ: [libjvm.dylib+0x635960], sa_mask[0]=11111111011111110111111111111111, sa_flags=SA_RESTART|SA_SIGINFO
SIGILL: [libjvm.dylib+0x79ac14], sa_mask[0]=11111111011111110111111111111111, sa_flags=SA_RESTART|SA_SIGINFO
SIGUSR2: [libjvm.dylib+0x6361f0], sa_mask[0]=00100000000000000000000000000000, sa_flags=SA_RESTART|SA_SIGINFO
SIGHUP: [libjvm.dylib+0x6349db], sa_mask[0]=11111111011111110111111111111111, sa_flags=SA_RESTART|SA_SIGINFO
SIGINT: [libjvm.dylib+0x6349db], sa_mask[0]=11111111011111110111111111111111, sa_flags=SA_RESTART|SA_SIGINFO
SIGTERM: [libjvm.dylib+0x6349db], sa_mask[0]=11111111011111110111111111111111, sa_flags=SA_RESTART|SA_SIGINFO
SIGQUIT: [libjvm.dylib+0x6349db], sa_mask[0]=11111111011111110111111111111111, sa_flags=SA_RESTART|SA_SIGINFO


---------------  S Y S T E M  ---------------

OS:uname:Darwin 15.6.0 Darwin Kernel Version 15.6.0: Thu Jun 21 20:07:40 PDT 2018; root:xnu-3248.73.11~1/RELEASE_X86_64 x86_64
rlimit: STACK 8192k, CORE 0k, NPROC 709, NOFILE 10240, AS infinity, DATA infinity, FSIZE infinity
load average:2.63 2.71 2.47

CPU:total 4 (initial active 4) (2 cores per cpu, 2 threads per core) family 6 model 61 stepping 4, cmov, cx8, fxsr, mmx, sse, sse2, sse3, ssse3, sse4.1, sse4.2, popcnt, avx, avx2, aes, clmul, erms, 3dnowpref, lzcnt, ht, tsc, tscinvbit, bmi1, bmi2, adx, fma

Memory: 4k page, physical 4194304k(35832k free)

vm_info: Java HotSpot(TM) 64-Bit Server VM (10.0.2+13) for bsd-amd64 JRE (10.0.2+13), built on Jun 28 2018 00:49:51 by "mach5one" with gcc 4.2.1 Compatible Apple LLVM 6.1.0 (clang-602.0.49)

END.
